<?xml version="1.0" encoding="UTF-8"?>
<testsuite name="ru.netology.testmode.test.CreditTest" tests="4" skipped="0" failures="0" errors="0" timestamp="2023-03-23T07:25:11" hostname="DESKTOP-FIC2K6I" time="27.752">
  <properties/>
  <testcase name="CreditTourInvalidYear()" classname="ru.netology.testmode.test.CreditTest" time="6.297"/>
  <testcase name="CreditTourValidDate()" classname="ru.netology.testmode.test.CreditTest" time="8.986"/>
  <testcase name="CreditTourInvalidMonth()" classname="ru.netology.testmode.test.CreditTest" time="1.505"/>
  <testcase name="CreditTourInvalidCardNumber()" classname="ru.netology.testmode.test.CreditTest" time="10.956"/>
  <system-out><![CDATA[]]></system-out>
  <system-err><![CDATA[Starting ChromeDriver 111.0.5563.64 (c710e93d5b63b7095afe8c2c17df34408078439d-refs/branch-heads/5563@{#995}) on port 33003
Only local connections are allowed.
Please see https://chromedriver.chromium.org/security-considerations for suggestions on keeping ChromeDriver safe.
ChromeDriver was started successfully.
мар. 23, 2023 10:25:14 AM org.openqa.selenium.remote.ProtocolHandshake createSession
INFO: Detected dialect: W3C
]]></system-err>
</testsuite>
